<?xml version="1.0" encoding="UTF-8"?>
<!-- Generated by org.testng.reporters.JUnitXMLReporter -->
<testsuite ignored="0" hostname="rPablojem" failures="3" tests="3" name="All Tests" time="8.558" errors="0" timestamp="2026-02-20T17:07:12 CST">
  <testcase classname="com.raulescobar.tests.smoke.LoginTest" name="testValidLogin" time="0.87">
    <failure type="java.lang.NullPointerException" message="Cannot invoke &amp;quot;org.openqa.selenium.WebElement.isDisplayed()&amp;quot; because &amp;quot;element&amp;quot; is null">
      <![CDATA[java.lang.NullPointerException: Cannot invoke "org.openqa.selenium.WebElement.isDisplayed()" because "element" is null
at org.openqa.selenium.support.ui.ExpectedConditions.elementIfVisible(ExpectedConditions.java:367)
at org.openqa.selenium.support.ui.ExpectedConditions$10.apply(ExpectedConditions.java:353)
at org.openqa.selenium.support.ui.ExpectedConditions$10.apply(ExpectedConditions.java:350)
at org.openqa.selenium.support.ui.FluentWait.until(FluentWait.java:207)
at com.raulescobar.pages.LoginPom.enterUsername(LoginPom.java:35)
at com.raulescobar.pages.LoginPom.login(LoginPom.java:57)
at com.raulescobar.tests.smoke.LoginTest.testValidLogin(LoginTest.java:49)
at java.base/java.util.ArrayList.forEach(ArrayList.java:1604)
... Removed 29 stack frames]]>
    </failure>
  </testcase> <!-- testValidLogin -->
  <testcase classname="com.raulescobar.tests.smoke.LoginTest" name="testInvalidLogin" time="0.941">
    <failure type="java.lang.NullPointerException" message="Cannot invoke &amp;quot;org.openqa.selenium.WebElement.isDisplayed()&amp;quot; because &amp;quot;element&amp;quot; is null">
      <![CDATA[java.lang.NullPointerException: Cannot invoke "org.openqa.selenium.WebElement.isDisplayed()" because "element" is null
at org.openqa.selenium.support.ui.ExpectedConditions.elementIfVisible(ExpectedConditions.java:367)
at org.openqa.selenium.support.ui.ExpectedConditions$10.apply(ExpectedConditions.java:353)
at org.openqa.selenium.support.ui.ExpectedConditions$10.apply(ExpectedConditions.java:350)
at org.openqa.selenium.support.ui.FluentWait.until(FluentWait.java:207)
at com.raulescobar.pages.LoginPom.enterUsername(LoginPom.java:35)
at com.raulescobar.pages.LoginPom.login(LoginPom.java:57)
at com.raulescobar.tests.smoke.LoginTest.testInvalidLogin(LoginTest.java:68)
at java.base/java.util.ArrayList.forEach(ArrayList.java:1604)
... Removed 29 stack frames]]>
    </failure>
  </testcase> <!-- testInvalidLogin -->
  <testcase classname="com.raulescobar.tests.smoke.LoginTest" name="testLoginPageLoad" time="0.985">
    <failure type="java.lang.NullPointerException" message="Cannot invoke &amp;quot;org.openqa.selenium.WebElement.isDisplayed()&amp;quot; because &amp;quot;element&amp;quot; is null">
      <![CDATA[java.lang.NullPointerException: Cannot invoke "org.openqa.selenium.WebElement.isDisplayed()" because "element" is null
at org.openqa.selenium.support.ui.ExpectedConditions.elementIfVisible(ExpectedConditions.java:367)
at org.openqa.selenium.support.ui.ExpectedConditions$10.apply(ExpectedConditions.java:353)
at org.openqa.selenium.support.ui.ExpectedConditions$10.apply(ExpectedConditions.java:350)
at org.openqa.selenium.support.ui.FluentWait.until(FluentWait.java:207)
at com.raulescobar.pages.LoginPom.isLoginButtonEnabled(LoginPom.java:79)
at com.raulescobar.tests.smoke.LoginTest.testLoginPageLoad(LoginTest.java:92)
at java.base/java.util.ArrayList.forEach(ArrayList.java:1604)
... Removed 29 stack frames]]>
    </failure>
  </testcase> <!-- testLoginPageLoad -->
</testsuite> <!-- All Tests -->
