<?xml version="1.0" encoding="UTF-8"?>
<!-- Generated by org.testng.reporters.JUnitXMLReporter -->
<testsuite ignored="0" hostname="rPablojem" failures="0" tests="3" name="All Tests" time="12.521" errors="0" timestamp="2026-02-20T18:20:47 CST">
  <testcase classname="com.raulescobar.tests.smoke.LoginTest" name="testValidLogin" time="2.711"/>
  <testcase classname="com.raulescobar.tests.smoke.LoginTest" name="testInvalidLogin" time="1.706"/>
  <testcase classname="com.raulescobar.tests.smoke.LoginTest" name="testLoginPageLoad" time="1.098"/>
</testsuite> <!-- All Tests -->
