<?xml version="1.0" encoding="UTF-8"?>
<!-- Generated by org.testng.reporters.JUnitXMLReporter -->
<testsuite ignored="1" hostname="rPablojem" failures="1" tests="3" name="Login Tests" time="40.652" errors="0" timestamp="2026-05-08T18:54:13 CST">
  <testcase classname="com.raulescobar.tests.smoke.LoginTest" name="testSuccessfulLogin" time="5.194"/>
  <testcase classname="com.raulescobar.tests.smoke.LoginTest" name="testFailedLogin" time="4.587">
    <failure type="org.openqa.selenium.UnhandledAlertException" message="unexpected alert open: {Alert text : User does not exist.}
  (Session info: chrome=148.0.7778.96): User does not exist.
Build info: version: &amp;apos;4.40.0&amp;apos;, revision: &amp;apos;b3333f1&amp;apos;
System info: os.name: &amp;apos;Windows 11&amp;apos;, os.arch: &amp;apos;amd64&amp;apos;, os.version: &amp;apos;10.0&amp;apos;, java.version: &amp;apos;25&amp;apos;
Driver info: org.openqa.selenium.chrome.ChromeDriver
Command: [a60c562c549dd60db95b2d10bd38028e, screenshot {}]
Capabilities {acceptInsecureCerts: false, browserName: chrome, browserVersion: 148.0.7778.96, chrome: {chromedriverVersion: 148.0.7778.97 (6b3fa66a923a..., userDataDir: C:\Users\samur\AppData\Loca...}, fedcm:accounts: true, goog:chromeOptions: {debuggerAddress: localhost:55245}, goog:processID: 12784, networkConnectionEnabled: false, pageLoadStrategy: normal, platformName: windows, proxy: Proxy(), se:cdp: ws://localhost:55245/devtoo..., se:cdpVersion: 148.0.7778.96, setWindowRect: true, strictFileInteractability: false, timeouts: {implicit: 0, pageLoad: 300000, script: 30000}, unhandledPromptBehavior: dismiss and notify, webauthn:extension:credBlob: true, webauthn:extension:largeBlob: true, webauthn:extension:minPinLength: true, webauthn:extension:prf: true, webauthn:virtualAuthenticators: true}
Session ID: a60c562c549dd60db95b2d10bd38028e">
      <![CDATA[org.openqa.selenium.UnhandledAlertException: unexpected alert open: {Alert text : User does not exist.}
  (Session info: chrome=148.0.7778.96): User does not exist.
Build info: version: '4.40.0', revision: 'b3333f1'
System info: os.name: 'Windows 11', os.arch: 'amd64', os.version: '10.0', java.version: '25'
Driver info: org.openqa.selenium.chrome.ChromeDriver
Command: [a60c562c549dd60db95b2d10bd38028e, screenshot {}]
Capabilities {acceptInsecureCerts: false, browserName: chrome, browserVersion: 148.0.7778.96, chrome: {chromedriverVersion: 148.0.7778.97 (6b3fa66a923a..., userDataDir: C:\Users\samur\AppData\Loca...}, fedcm:accounts: true, goog:chromeOptions: {debuggerAddress: localhost:55245}, goog:processID: 12784, networkConnectionEnabled: false, pageLoadStrategy: normal, platformName: windows, proxy: Proxy(), se:cdp: ws://localhost:55245/devtoo..., se:cdpVersion: 148.0.7778.96, setWindowRect: true, strictFileInteractability: false, timeouts: {implicit: 0, pageLoad: 300000, script: 30000}, unhandledPromptBehavior: dismiss and notify, webauthn:extension:credBlob: true, webauthn:extension:largeBlob: true, webauthn:extension:minPinLength: true, webauthn:extension:prf: true, webauthn:virtualAuthenticators: true}
Session ID: a60c562c549dd60db95b2d10bd38028e
at org.openqa.selenium.remote.codec.w3c.W3CHttpResponseCodec.decode(W3CHttpResponseCodec.java:140)
at org.openqa.selenium.remote.codec.w3c.W3CHttpResponseCodec.decode(W3CHttpResponseCodec.java:49)
at org.openqa.selenium.remote.HttpCommandExecutor.execute(HttpCommandExecutor.java:223)
at org.openqa.selenium.remote.service.DriverCommandExecutor.invokeExecute(DriverCommandExecutor.java:216)
at org.openqa.selenium.remote.service.DriverCommandExecutor.execute(DriverCommandExecutor.java:174)
at org.openqa.selenium.remote.RemoteWebDriver.execute(RemoteWebDriver.java:601)
at org.openqa.selenium.remote.RemoteWebDriver.execute(RemoteWebDriver.java:678)
at org.openqa.selenium.remote.RemoteWebDriver.execute(RemoteWebDriver.java:682)
at org.openqa.selenium.remote.RemoteWebDriver.getScreenshotAs(RemoteWebDriver.java:390)
at com.raulescobar.tests.smoke.LoginTest.testFailedLogin(LoginTest.java:86)
at java.base/java.util.ArrayList.forEach(ArrayList.java:1604)
... Removed 29 stack frames]]>
    </failure>
  </testcase> <!-- testFailedLogin -->
  <testcase classname="com.raulescobar.tests.smoke.LoginTest" name="testLogout" time="17.899"/>
  <testcase classname="com.raulescobar.tests.smoke.LoginTest" name="testHomePageLoad" time="0.0">
    <ignored/>
  </testcase> <!-- testHomePageLoad -->
</testsuite> <!-- Login Tests -->
