<?xml version="1.0" encoding="UTF-8"?>
<!-- Generated by org.testng.reporters.JUnitXMLReporter -->
<testsuite ignored="0" hostname="rPablojem" failures="0" tests="26" name="Surefire test" time="159.384" errors="0" timestamp="2026-02-23T18:17:32 CST">
  <testcase classname="com.raulescobar.tests.smoke.NavigationTest" name="testHomePomLoads" time="0.464"/>
  <testcase classname="com.raulescobar.tests.smoke.NavigationTest" name="testPageTitleIsCorrect" time="0.02"/>
  <testcase classname="com.raulescobar.tests.smoke.NavigationTest" name="testHomePageDisplaysMinimumProducts" time="0.621"/>
  <testcase classname="com.raulescobar.tests.smoke.NavigationTest" name="testHomePomDisplaysProducts" time="0.294"/>
  <testcase classname="com.raulescobar.tests.smoke.NavigationTest" name="testPhonesCategoryIsClickable" time="1.932"/>
  <testcase classname="com.raulescobar.tests.smoke.NavigationTest" name="testPhonesCategoryDisplaysProducts" time="1.943"/>
  <testcase classname="com.raulescobar.tests.smoke.NavigationTest" name="testSpecificPhoneIsDisplayed" time="2.018"/>
  <testcase classname="com.raulescobar.tests.smoke.NavigationTest" name="testLaptopsCategoryIsClickable" time="1.998"/>
  <testcase classname="com.raulescobar.tests.smoke.NavigationTest" name="testLaptopsCategoryDisplaysProducts" time="2.175"/>
  <testcase classname="com.raulescobar.tests.smoke.NavigationTest" name="testSpecificLaptopIsDisplayed" time="2.02"/>
  <testcase classname="com.raulescobar.tests.smoke.NavigationTest" name="testMonitorsCategoryIsClickable" time="2.034"/>
  <testcase classname="com.raulescobar.tests.smoke.NavigationTest" name="testMonitorsCategoryDisplaysProducts" time="1.942"/>
  <testcase classname="com.raulescobar.tests.smoke.NavigationTest" name="testSpecificMonitorIsDisplayed" time="2.132"/>
  <testcase classname="com.raulescobar.tests.smoke.NavigationTest" name="testProductClickNavigatesToDetail" time="2.926"/>
  <testcase classname="com.raulescobar.tests.smoke.NavigationTest" name="testProductDetailPageHasContent" time="2.501"/>
  <testcase classname="com.raulescobar.tests.smoke.NavigationTest" name="testCarouselNextButtonWorks" time="2.051"/>
  <testcase classname="com.raulescobar.tests.smoke.NavigationTest" name="testCarouselPreviousButtonWorks" time="3.894"/>
  <testcase classname="com.raulescobar.tests.smoke.NavigationTest" name="testGenericCategoryMethod" time="2.014"/>
  <testcase classname="com.raulescobar.tests.smoke.NavigationTest" name="testGenericCategoryMethod" time="1.949"/>
  <testcase classname="com.raulescobar.tests.smoke.NavigationTest" name="testGenericCategoryMethod" time="2.086"/>
  <testcase classname="com.raulescobar.tests.smoke.NavigationTest" name="testGenericCategoryMethodDataDriven" time="2.023"/>
  <testcase classname="com.raulescobar.tests.smoke.NavigationTest" name="testGenericCategoryMethodDataDriven" time="2.031"/>
  <testcase classname="com.raulescobar.tests.smoke.NavigationTest" name="testGenericCategoryMethodDataDriven" time="2.06"/>
  <testcase classname="com.raulescobar.tests.smoke.NavigationTest" name="testCategoryHasExpectedProducts" time="2.003"/>
  <testcase classname="com.raulescobar.tests.smoke.NavigationTest" name="testCategoryHasExpectedProducts" time="2.086"/>
  <testcase classname="com.raulescobar.tests.smoke.NavigationTest" name="testCategoryHasExpectedProducts" time="1.945"/>
</testsuite> <!-- Surefire test -->
