<?xml version="1.0" encoding="UTF-8"?>
<testng-results ignored="0" total="1" passed="0" failed="1" skipped="0">
  <reporter-output>
  </reporter-output>
  <suite started-at="2026-02-19T21:50:18 CST" name="All Test Suite" finished-at="2026-02-19T21:50:26 CST" duration-ms="7917">
    <groups>
      <group name="smoke">
        <method signature="SanityTest.smoke_openLoginPage()[pri:0, instance:smoke.SanityTest@7c0c77c7]" name="smoke_openLoginPage" class="smoke.SanityTest"/>
      </group> <!-- smoke -->
    </groups>
    <test started-at="2026-02-19T21:50:18 CST" name="Sanity Test" finished-at="2026-02-19T21:50:26 CST" duration-ms="7917">
      <class name="smoke.SanityTest">
        <test-method is-config="true" signature="setUp()[pri:0, instance:smoke.SanityTest@7c0c77c7]" started-at="2026-02-19T21:50:18 CST" name="setUp" finished-at="2026-02-19T21:50:23 CST" duration-ms="5261" status="PASS">
          <reporter-output>
          </reporter-output>
        </test-method> <!-- setUp -->
        <test-method signature="smoke_openLoginPage()[pri:0, instance:smoke.SanityTest@7c0c77c7]" started-at="2026-02-19T21:50:23 CST" name="smoke_openLoginPage" finished-at="2026-02-19T21:50:25 CST" duration-ms="1703" status="FAIL">
          <exception class="java.lang.AssertionError">
            <message>
              <![CDATA[El título no contiene 'Swag Labs' expected [true] but found [false]]]>
            </message>
            <full-stacktrace>
              <![CDATA[java.lang.AssertionError: El título no contiene 'Swag Labs' expected [true] but found [false]
at org.testng.Assert.fail(Assert.java:111)
at org.testng.Assert.failNotEquals(Assert.java:1590)
at org.testng.Assert.assertTrue(Assert.java:57)
at smoke.SanityTest.smoke_openLoginPage(SanityTest.java:17)
at java.base/jdk.internal.reflect.DirectMethodHandleAccessor.invoke(DirectMethodHandleAccessor.java:104)
at java.base/java.lang.reflect.Method.invoke(Method.java:565)
at org.testng.internal.invokers.MethodInvocationHelper.invokeMethod(MethodInvocationHelper.java:141)
at org.testng.internal.invokers.TestInvoker.invokeMethod(TestInvoker.java:697)
at org.testng.internal.invokers.TestInvoker.invokeTestMethod(TestInvoker.java:230)
at org.testng.internal.invokers.MethodRunner.runInSequence(MethodRunner.java:63)
at org.testng.internal.invokers.TestInvoker$MethodInvocationAgent.invoke(TestInvoker.java:1005)
at org.testng.internal.invokers.TestInvoker.invokeTestMethods(TestInvoker.java:203)
at org.testng.internal.invokers.TestMethodWorker.invokeTestMethods(TestMethodWorker.java:154)
at org.testng.internal.invokers.TestMethodWorker.run(TestMethodWorker.java:134)
at java.base/java.util.ArrayList.forEach(ArrayList.java:1604)
at org.testng.TestRunner.privateRun(TestRunner.java:744)
at org.testng.TestRunner.run(TestRunner.java:616)
at org.testng.SuiteRunner.runTest(SuiteRunner.java:421)
at org.testng.SuiteRunner.runSequentially(SuiteRunner.java:413)
at org.testng.SuiteRunner.privateRun(SuiteRunner.java:373)
at org.testng.SuiteRunner.run(SuiteRunner.java:312)
at org.testng.SuiteRunnerWorker.runSuite(SuiteRunnerWorker.java:52)
at org.testng.SuiteRunnerWorker.run(SuiteRunnerWorker.java:95)
at org.testng.TestNG.runSuitesSequentially(TestNG.java:1274)
at org.testng.TestNG.runSuitesLocally(TestNG.java:1208)
at org.testng.TestNG.runSuites(TestNG.java:1112)
at org.testng.TestNG.run(TestNG.java:1079)
at org.apache.maven.surefire.testng.TestNGExecutor.run(TestNGExecutor.java:308)
at org.apache.maven.surefire.testng.TestNGXmlTestSuite.execute(TestNGXmlTestSuite.java:71)
at org.apache.maven.surefire.testng.TestNGProvider.invoke(TestNGProvider.java:113)
at org.apache.maven.surefire.booter.ForkedBooter.runSuitesInProcess(ForkedBooter.java:385)
at org.apache.maven.surefire.booter.ForkedBooter.execute(ForkedBooter.java:162)
at org.apache.maven.surefire.booter.ForkedBooter.run(ForkedBooter.java:507)
at org.apache.maven.surefire.booter.ForkedBooter.main(ForkedBooter.java:495)
]]>
            </full-stacktrace>
          </exception> <!-- java.lang.AssertionError -->
          <reporter-output>
          </reporter-output>
        </test-method> <!-- smoke_openLoginPage -->
        <test-method is-config="true" signature="tearDown()[pri:0, instance:smoke.SanityTest@7c0c77c7]" started-at="2026-02-19T21:50:25 CST" name="tearDown" finished-at="2026-02-19T21:50:26 CST" duration-ms="827" status="PASS">
          <reporter-output>
          </reporter-output>
        </test-method> <!-- tearDown -->
      </class> <!-- smoke.SanityTest -->
    </test> <!-- Sanity Test -->
  </suite> <!-- All Test Suite -->
</testng-results>
