<?xml version="1.0" encoding="UTF-8"?>
<!-- Generated by org.testng.reporters.JUnitXMLReporter -->
<testsuite ignored="0" hostname="rPablojem" failures="1" tests="1" name="Sanity Test" time="7.917" errors="0" timestamp="2026-02-19T21:50:26 CST">
  <testcase classname="smoke.SanityTest" name="smoke_openLoginPage" time="1.703">
    <failure type="java.lang.AssertionError" message="El título no contiene &amp;apos;Swag Labs&amp;apos; expected [true] but found [false]">
      <![CDATA[java.lang.AssertionError: El título no contiene 'Swag Labs' expected [true] but found [false]
at smoke.SanityTest.smoke_openLoginPage(SanityTest.java:17)
at java.base/java.util.ArrayList.forEach(ArrayList.java:1604)
... Removed 32 stack frames]]>
    </failure>
  </testcase> <!-- smoke_openLoginPage -->
</testsuite> <!-- Sanity Test -->
