<?xml version="1.0" encoding="UTF-8"?>
<!-- Generated by org.testng.reporters.JUnitReportReporter -->
<testsuite hostname="rPablojem" failures="0" tests="26" name="com.raulescobar.tests.smoke.NavigationTest" time="158.181" errors="0" timestamp="2026-02-23T18:17:32 CST" skipped="0">
  <testcase classname="com.raulescobar.tests.smoke.NavigationTest" name="testHomePomLoads" time="3.964"/>
  <testcase classname="com.raulescobar.tests.smoke.NavigationTest" name="testPageTitleIsCorrect" time="3.983"/>
  <testcase classname="com.raulescobar.tests.smoke.NavigationTest" name="testHomePageDisplaysMinimumProducts" time="4.463"/>
  <testcase classname="com.raulescobar.tests.smoke.NavigationTest" name="testHomePomDisplaysProducts" time="3.793"/>
  <testcase classname="com.raulescobar.tests.smoke.NavigationTest" name="testPhonesCategoryIsClickable" time="5.352"/>
  <testcase classname="com.raulescobar.tests.smoke.NavigationTest" name="testPhonesCategoryDisplaysProducts" time="5.647"/>
  <testcase classname="com.raulescobar.tests.smoke.NavigationTest" name="testSpecificPhoneIsDisplayed" time="6.488"/>
  <testcase classname="com.raulescobar.tests.smoke.NavigationTest" name="testLaptopsCategoryIsClickable" time="5.912"/>
  <testcase classname="com.raulescobar.tests.smoke.NavigationTest" name="testLaptopsCategoryDisplaysProducts" time="5.856"/>
  <testcase classname="com.raulescobar.tests.smoke.NavigationTest" name="testSpecificLaptopIsDisplayed" time="6.293"/>
  <testcase classname="com.raulescobar.tests.smoke.NavigationTest" name="testMonitorsCategoryIsClickable" time="6.818"/>
  <testcase classname="com.raulescobar.tests.smoke.NavigationTest" name="testMonitorsCategoryDisplaysProducts" time="5.907"/>
  <testcase classname="com.raulescobar.tests.smoke.NavigationTest" name="testSpecificMonitorIsDisplayed" time="5.702"/>
  <testcase classname="com.raulescobar.tests.smoke.NavigationTest" name="testProductClickNavigatesToDetail" time="7.057"/>
  <testcase classname="com.raulescobar.tests.smoke.NavigationTest" name="testProductDetailPageHasContent" time="6.302"/>
  <testcase classname="com.raulescobar.tests.smoke.NavigationTest" name="testCarouselNextButtonWorks" time="5.534"/>
  <testcase classname="com.raulescobar.tests.smoke.NavigationTest" name="testCarouselPreviousButtonWorks" time="7.346"/>
  <testcase classname="com.raulescobar.tests.smoke.NavigationTest" name="testGenericCategoryMethod" time="5.317"/>
  <testcase classname="com.raulescobar.tests.smoke.NavigationTest" name="testGenericCategoryMethodDataDriven" time="5.745"/>
  <testcase classname="com.raulescobar.tests.smoke.NavigationTest" name="testGenericCategoryMethod" time="5.750"/>
  <testcase classname="com.raulescobar.tests.smoke.NavigationTest" name="testGenericCategoryMethod" time="6.643"/>
  <testcase classname="com.raulescobar.tests.smoke.NavigationTest" name="testGenericCategoryMethodDataDriven" time="13.044"/>
  <testcase classname="com.raulescobar.tests.smoke.NavigationTest" name="testGenericCategoryMethodDataDriven" time="5.826"/>
  <testcase classname="com.raulescobar.tests.smoke.NavigationTest" name="testCategoryHasExpectedProducts" time="6.667"/>
  <testcase classname="com.raulescobar.tests.smoke.NavigationTest" name="testCategoryHasExpectedProducts" time="6.958"/>
  <testcase classname="com.raulescobar.tests.smoke.NavigationTest" name="testCategoryHasExpectedProducts" time="5.814"/>
</testsuite> <!-- com.raulescobar.tests.smoke.NavigationTest -->
