<?xml version="1.0" encoding="UTF-8"?>
<!-- Generated by org.testng.reporters.JUnitReportReporter -->
<testsuite hostname="rPablojem" failures="0" tests="3" name="com.raulescobar.tests.smoke.LoginTest" time="11.957" errors="0" timestamp="2026-02-20T18:20:47 CST" skipped="0">
  <testcase classname="com.raulescobar.tests.smoke.LoginTest" name="testValidLogin" time="4.142"/>
  <testcase classname="com.raulescobar.tests.smoke.LoginTest" name="testInvalidLogin" time="3.016"/>
  <testcase classname="com.raulescobar.tests.smoke.LoginTest" name="testLoginPageLoad" time="4.799"/>
</testsuite> <!-- com.raulescobar.tests.smoke.LoginTest -->
